{
  "stats": {
    "suites": 1,
    "tests": 1,
    "passes": 1,
    "pending": 0,
    "failures": 0,
    "start": "2022-08-05T10:04:19.099Z",
    "end": "2022-08-05T10:04:26.199Z",
    "duration": 7100,
    "testsRegistered": 1,
    "passPercent": 100,
    "pendingPercent": 0,
    "other": 0,
    "hasOther": false,
    "skipped": 0,
    "hasSkipped": false
  },
  "results": [
    {
      "uuid": "01f98a04-f09f-4917-b83c-d880ef3f4e57",
      "title": "",
      "fullFile": "cypress/e2e/ngp.cy.js",
      "file": "cypress/e2e/ngp.cy.js",
      "beforeHooks": [],
      "afterHooks": [],
      "tests": [],
      "suites": [
        {
          "uuid": "2c7f829a-c674-42f0-9b5d-e527a80a748a",
          "title": "url launch",
          "fullFile": "",
          "file": "",
          "beforeHooks": [],
          "afterHooks": [],
          "tests": [
            {
              "title": "Should login",
              "fullTitle": "url launch Should login",
              "timedOut": null,
              "duration": 3475,
              "state": "passed",
              "speed": "fast",
              "pass": true,
              "fail": false,
              "pending": false,
              "context": null,
              "code": "//cy.visit(url)\ncy.LoginPage.login('username,password');",
              "err": {},
              "uuid": "6acaaef2-12ee-4dda-8ede-e8e1835d0188",
              "parentUUID": "2c7f829a-c674-42f0-9b5d-e527a80a748a",
              "isHook": false,
              "skipped": false
            }
          ],
          "suites": [],
          "passes": [
            "6acaaef2-12ee-4dda-8ede-e8e1835d0188"
          ],
          "failures": [],
          "pending": [],
          "skipped": [],
          "duration": 3475,
          "root": false,
          "rootEmpty": false,
          "_timeout": 2000
        }
      ],
      "passes": [],
      "failures": [],
      "pending": [],
      "skipped": [],
      "duration": 0,
      "root": true,
      "rootEmpty": true,
      "_timeout": 2000
    }
  ],
  "meta": {
    "mocha": {
      "version": "7.0.1"
    },
    "mochawesome": {
      "options": {
        "quiet": false,
        "reportFilename": "mochawesome",
        "saveHtml": true,
        "saveJson": true,
        "consoleReporter": "spec",
        "useInlineDiffs": false,
        "code": true
      },
      "version": "7.1.3"
    },
    "marge": {
      "options": null,
      "version": "6.2.0"
    }
  }
}